<?xml version="1.0" encoding="UTF-8"?>
<testng-results skipped="0" failed="0" ignored="0" total="1" passed="1">
  <reporter-output>
  </reporter-output>
  <suite name="Default suite" duration-ms="3972" started-at="2018-11-21T14:11:49Z" finished-at="2018-11-21T14:11:53Z">
    <groups>
    </groups>
    <test name="Default test" duration-ms="3972" started-at="2018-11-21T14:11:49Z" finished-at="2018-11-21T14:11:53Z">
      <class name="common.tests.GoogleHomeTest">
        <test-method status="PASS" signature="initialize()[pri:0, instance:common.tests.GoogleHomeTest@60bd273d]" name="initialize" is-config="true" duration-ms="11" started-at="2018-11-21T14:11:49Z" finished-at="2018-11-21T14:11:49Z">
          <reporter-output>
          </reporter-output>
        </test-method> <!-- initialize -->
        <test-method status="PASS" signature="testSearchClickingSearchOnGoogle()[pri:0, instance:common.tests.GoogleHomeTest@60bd273d]" name="testSearchClickingSearchOnGoogle" duration-ms="1598" started-at="2018-11-21T14:11:49Z" description="Verifies that results page is displyed when doing search" finished-at="2018-11-21T14:11:51Z">
          <reporter-output>
          </reporter-output>
        </test-method> <!-- testSearchClickingSearchOnGoogle -->
        <test-method status="PASS" signature="terminate()[pri:0, instance:common.tests.GoogleHomeTest@60bd273d]" name="terminate" is-config="true" duration-ms="2339" started-at="2018-11-21T14:11:51Z" finished-at="2018-11-21T14:11:53Z">
          <reporter-output>
          </reporter-output>
        </test-method> <!-- terminate -->
      </class> <!-- common.tests.GoogleHomeTest -->
    </test> <!-- Default test -->
  </suite> <!-- Default suite -->
</testng-results>
